2
starting at date on hostname
replicate 1
replicate 2
replicate 3
replicate 4
replicate 5
replicate 6
replicate 7
replicate 8
replicate 9
replicate 10
replicate 11
replicate 12
replicate 13
replicate 14
replicate 15
replicate 16
replicate 17
replicate 18
replicate 19
replicate 20
replicate 21
replicate 22
replicate 23
replicate 24
replicate 25
replicate 26
replicate 27
replicate 28
replicate 29
replicate 30
replicate 31
replicate 32
replicate 33
replicate 34
replicate 35
replicate 36
replicate 37
replicate 38
replicate 39
replicate 40
replicate 41
replicate 42
replicate 43
replicate 44
replicate 45
replicate 46
replicate 47
replicate 48
replicate 49
replicate 50
replicate 51
replicate 52
replicate 53
replicate 54
replicate 55
replicate 56
replicate 57
replicate 58
replicate 59
replicate 60
replicate 61
replicate 62
replicate 63
replicate 64
replicate 65
replicate 66
replicate 67
replicate 68
replicate 69
replicate 70
replicate 71
replicate 72
replicate 73
replicate 74
replicate 75
replicate 76
replicate 77
replicate 78
replicate 79
replicate 80
replicate 81
replicate 82
replicate 83
replicate 84
replicate 85
replicate 86
replicate 87
replicate 88
replicate 89
replicate 90
replicate 91
replicate 92
replicate 93
replicate 94
replicate 95
replicate 96
replicate 97
replicate 98
replicate 99
replicate 100
ended at date on hostname
4
starting at date on hostname
replicate 1
replicate 2
replicate 3
replicate 4
replicate 5
replicate 6
replicate 7
replicate 8
replicate 9
replicate 10
replicate 11
replicate 12
replicate 13
replicate 14
replicate 15
replicate 16
replicate 17
replicate 18
replicate 19
replicate 20
replicate 21
replicate 22
replicate 23
replicate 24
replicate 25
replicate 26
replicate 27
replicate 28
replicate 29
replicate 30
replicate 31
replicate 32
replicate 33
replicate 34
replicate 35
replicate 36
replicate 37
replicate 38
replicate 39
replicate 40
replicate 41
replicate 42
replicate 43
replicate 44
replicate 45
replicate 46
replicate 47
replicate 48
replicate 49
replicate 50
replicate 51
replicate 52
replicate 53
replicate 54
replicate 55
replicate 56
replicate 57
replicate 58
replicate 59
replicate 60
replicate 61
replicate 62
replicate 63
replicate 64
replicate 65
replicate 66
replicate 67
replicate 68
replicate 69
replicate 70
replicate 71
replicate 72
replicate 73
replicate 74
replicate 75
replicate 76
replicate 77
replicate 78
replicate 79
replicate 80
replicate 81
replicate 82
replicate 83
replicate 84
replicate 85
replicate 86
replicate 87
replicate 88
replicate 89
replicate 90
replicate 91
replicate 92
replicate 93
replicate 94
replicate 95
replicate 96
replicate 97
replicate 98
replicate 99
replicate 100
ended at date on hostname
6
starting at date on hostname
replicate 1
replicate 2
replicate 3
replicate 4
replicate 5
replicate 6
replicate 7
replicate 8
replicate 9
replicate 10
replicate 11
replicate 12
replicate 13
replicate 14
replicate 15
replicate 16
replicate 17
replicate 18
replicate 19
replicate 20
replicate 21
replicate 22
replicate 23
replicate 24
replicate 25
replicate 26
replicate 27
replicate 28
replicate 29
replicate 30
replicate 31
replicate 32
replicate 33
replicate 34
replicate 35
replicate 36
replicate 37
replicate 38
replicate 39
replicate 40
replicate 41
replicate 42
replicate 43
replicate 44
replicate 45
replicate 46
replicate 47
replicate 48
replicate 49
replicate 50
replicate 51
replicate 52
replicate 53
replicate 54
replicate 55
replicate 56
replicate 57
replicate 58
replicate 59
replicate 60
replicate 61
replicate 62
replicate 63
replicate 64
replicate 65
replicate 66
replicate 67
replicate 68
replicate 69
replicate 70
replicate 71
replicate 72
replicate 73
replicate 74
replicate 75
replicate 76
replicate 77
replicate 78
replicate 79
replicate 80
replicate 81
replicate 82
replicate 83
replicate 84
replicate 85
replicate 86
replicate 87
replicate 88
replicate 89
replicate 90
replicate 91
replicate 92
replicate 93
replicate 94
replicate 95
replicate 96
replicate 97
replicate 98
replicate 99
replicate 100
ended at date on hostname
8
starting at date on hostname
replicate 1
replicate 2
replicate 3
replicate 4
replicate 5
replicate 6
replicate 7
replicate 8
replicate 9
replicate 10
replicate 11
replicate 12
replicate 13
replicate 14
replicate 15
replicate 16
replicate 17
replicate 18
replicate 19
replicate 20
replicate 21
replicate 22
replicate 23
replicate 24
replicate 25
replicate 26
replicate 27
replicate 28
replicate 29
replicate 30
replicate 31
replicate 32
replicate 33
replicate 34
replicate 35
replicate 36
replicate 37
replicate 38
replicate 39
replicate 40
replicate 41
replicate 42
replicate 43
replicate 44
replicate 45
replicate 46
replicate 47
replicate 48
replicate 49
replicate 50
replicate 51
replicate 52
replicate 53
replicate 54
replicate 55
replicate 56
replicate 57
replicate 58
replicate 59
replicate 60
replicate 61
replicate 62
replicate 63
replicate 64
replicate 65
replicate 66
replicate 67
replicate 68
replicate 69
replicate 70
replicate 71
replicate 72
replicate 73
replicate 74
replicate 75
replicate 76
replicate 77
replicate 78
replicate 79
replicate 80
replicate 81
replicate 82
replicate 83
replicate 84
replicate 85
replicate 86
replicate 87
replicate 88
replicate 89
replicate 90
replicate 91
replicate 92
replicate 93
replicate 94
replicate 95
replicate 96
replicate 97
replicate 98
replicate 99
replicate 100
ended at date on hostname
9
starting at date on hostname
replicate 1
replicate 2
replicate 3
replicate 4
replicate 5
replicate 6
replicate 7
replicate 8
replicate 9
replicate 10
replicate 11
replicate 12
replicate 13
replicate 14
replicate 15
replicate 16
replicate 17
replicate 18
replicate 19
replicate 20
replicate 21
replicate 22
replicate 23
replicate 24
replicate 25
replicate 26
replicate 27
replicate 28
replicate 29
replicate 30
replicate 31
replicate 32
replicate 33
replicate 34
replicate 35
replicate 36
replicate 37
replicate 38
replicate 39
replicate 40
replicate 41
replicate 42
replicate 43
replicate 44
replicate 45
replicate 46
replicate 47
replicate 48
replicate 49
replicate 50
replicate 51
replicate 52
replicate 53
replicate 54
replicate 55
replicate 56
replicate 57
replicate 58
replicate 59
replicate 60
replicate 61
replicate 62
replicate 63
replicate 64
replicate 65
replicate 66
replicate 67
replicate 68
replicate 69
replicate 70
replicate 71
replicate 72
replicate 73
replicate 74
replicate 75
replicate 76
replicate 77
replicate 78
replicate 79
replicate 80
replicate 81
replicate 82
replicate 83
replicate 84
replicate 85
replicate 86
replicate 87
replicate 88
replicate 89
replicate 90
replicate 91
replicate 92
replicate 93
replicate 94
replicate 95
replicate 96
replicate 97
replicate 98
replicate 99
replicate 100
ended at date on hostname
combining output files for different selection coefficients
[1] "parsing genotypes and phenotypes"
[1] "finished parsing"
plots saved
